<?xml version="1.0" encoding="UTF-8"?>
<testng-results skipped="0" failed="0" ignored="0" total="1" passed="1">
  <reporter-output>
  </reporter-output>
  <suite name="Default suite" duration-ms="27279" started-at="2020-04-28T00:15:51 IST" finished-at="2020-04-28T00:16:19 IST">
    <groups>
    </groups>
    <test name="Default test" duration-ms="27279" started-at="2020-04-28T00:15:51 IST" finished-at="2020-04-28T00:16:19 IST">
      <class name="tests.TestSample">
        <test-method status="PASS" signature="launchApp()[pri:0, instance:tests.TestSample@481a15ff]" name="launchApp" is-config="true" duration-ms="16242" started-at="2020-04-28T00:15:51 IST" finished-at="2020-04-28T00:16:08 IST">
          <reporter-output>
          </reporter-output>
        </test-method> <!-- launchApp -->
        <test-method status="PASS" signature="Test_EnteringContactDetails()[pri:0, instance:tests.TestSample@481a15ff]" name="Test_EnteringContactDetails" duration-ms="10977" started-at="2020-04-28T00:16:08 IST" finished-at="2020-04-28T00:16:18 IST">
          <reporter-output>
          </reporter-output>
        </test-method> <!-- Test_EnteringContactDetails -->
        <test-method status="FAIL" signature="teardown()[pri:0, instance:tests.TestSample@481a15ff]" name="teardown" is-config="true" duration-ms="20" started-at="2020-04-28T00:16:19 IST" finished-at="2020-04-28T00:16:19 IST">
          <exception class="org.openqa.selenium.UnsupportedCommandException">
            <message>
              <![CDATA[Method has not yet been implemented
Build info: version: '3.141.59', revision: 'e82be7d358', time: '2018-11-14T08:17:03'
System info: host: 'QT-INBG-LT0615', ip: '192.168.1.7', os.name: 'Windows 10', os.arch: 'amd64', os.version: '10.0', java.version: '1.8.0_121'
Driver info: io.appium.java_client.AppiumDriver
Capabilities {appActivity: in.smartappcart.contactmana..., appPackage: in.smartappcart.contactmanager, databaseEnabled: false, desired: {appActivity: in.smartappcart.contactmana..., appPackage: in.smartappcart.contactmanager, deviceName: Realme U1, newCommandTimeout: 60, platformName: android, platformVersion: 9.0, udid: OJ7TRCZSFELRDUOF}, deviceManufacturer: Realme, deviceModel: RMX1831, deviceName: OJ7TRCZSFELRDUOF, deviceScreenSize: 1080x2340, deviceUDID: OJ7TRCZSFELRDUOF, javascriptEnabled: true, locationContextEnabled: false, networkConnectionEnabled: true, newCommandTimeout: 60, platform: LINUX, platformName: ANDROID, platformVersion: 9, takesScreenshot: true, udid: OJ7TRCZSFELRDUOF, warnings: {}, webStorageEnabled: false}
Session ID: ca2eab45-89b3-40e0-b9f6-6c067bacf222]]>
            </message>
            <full-stacktrace>
              <![CDATA[org.openqa.selenium.UnsupportedCommandException: Method has not yet been implemented
Build info: version: '3.141.59', revision: 'e82be7d358', time: '2018-11-14T08:17:03'
System info: host: 'QT-INBG-LT0615', ip: '192.168.1.7', os.name: 'Windows 10', os.arch: 'amd64', os.version: '10.0', java.version: '1.8.0_121'
Driver info: io.appium.java_client.AppiumDriver
Capabilities {appActivity: in.smartappcart.contactmana..., appPackage: in.smartappcart.contactmanager, databaseEnabled: false, desired: {appActivity: in.smartappcart.contactmana..., appPackage: in.smartappcart.contactmanager, deviceName: Realme U1, newCommandTimeout: 60, platformName: android, platformVersion: 9.0, udid: OJ7TRCZSFELRDUOF}, deviceManufacturer: Realme, deviceModel: RMX1831, deviceName: OJ7TRCZSFELRDUOF, deviceScreenSize: 1080x2340, deviceUDID: OJ7TRCZSFELRDUOF, javascriptEnabled: true, locationContextEnabled: false, networkConnectionEnabled: true, newCommandTimeout: 60, platform: LINUX, platformName: ANDROID, platformVersion: 9, takesScreenshot: true, udid: OJ7TRCZSFELRDUOF, warnings: {}, webStorageEnabled: false}
Session ID: ca2eab45-89b3-40e0-b9f6-6c067bacf222
at sun.reflect.NativeConstructorAccessorImpl.newInstance0(Native Method)
at sun.reflect.NativeConstructorAccessorImpl.newInstance(NativeConstructorAccessorImpl.java:62)
at sun.reflect.DelegatingConstructorAccessorImpl.newInstance(DelegatingConstructorAccessorImpl.java:45)
at java.lang.reflect.Constructor.newInstance(Constructor.java:423)
at org.openqa.selenium.remote.http.W3CHttpResponseCodec.createException(W3CHttpResponseCodec.java:187)
at org.openqa.selenium.remote.http.W3CHttpResponseCodec.decode(W3CHttpResponseCodec.java:122)
at org.openqa.selenium.remote.http.W3CHttpResponseCodec.decode(W3CHttpResponseCodec.java:49)
at org.openqa.selenium.remote.HttpCommandExecutor.execute(HttpCommandExecutor.java:158)
at io.appium.java_client.remote.AppiumCommandExecutor.execute(AppiumCommandExecutor.java:239)
at org.openqa.selenium.remote.RemoteWebDriver.execute(RemoteWebDriver.java:552)
at io.appium.java_client.DefaultGenericMobileDriver.execute(DefaultGenericMobileDriver.java:45)
at io.appium.java_client.AppiumDriver.execute(AppiumDriver.java:1)
at org.openqa.selenium.remote.RemoteWebDriver.close(RemoteWebDriver.java:442)
at tests.BaseClass.teardown(BaseClass.java:122)
at sun.reflect.NativeMethodAccessorImpl.invoke0(Native Method)
at sun.reflect.NativeMethodAccessorImpl.invoke(NativeMethodAccessorImpl.java:62)
at sun.reflect.DelegatingMethodAccessorImpl.invoke(DelegatingMethodAccessorImpl.java:43)
at java.lang.reflect.Method.invoke(Method.java:498)
at org.testng.internal.MethodInvocationHelper.invokeMethod(MethodInvocationHelper.java:134)
at org.testng.internal.MethodInvocationHelper.invokeMethodConsideringTimeout(MethodInvocationHelper.java:63)
at org.testng.internal.ConfigInvoker.invokeConfigurationMethod(ConfigInvoker.java:348)
at org.testng.internal.ConfigInvoker.invokeConfigurations(ConfigInvoker.java:302)
at org.testng.TestRunner.invokeTestConfigurations(TestRunner.java:619)
at org.testng.TestRunner.afterRun(TestRunner.java:849)
at org.testng.TestRunner.run(TestRunner.java:590)
at org.testng.SuiteRunner.runTest(SuiteRunner.java:384)
at org.testng.SuiteRunner.runSequentially(SuiteRunner.java:378)
at org.testng.SuiteRunner.privateRun(SuiteRunner.java:337)
at org.testng.SuiteRunner.run(SuiteRunner.java:286)
at org.testng.SuiteRunnerWorker.runSuite(SuiteRunnerWorker.java:53)
at org.testng.SuiteRunnerWorker.run(SuiteRunnerWorker.java:96)
at org.testng.TestNG.runSuitesSequentially(TestNG.java:1187)
at org.testng.TestNG.runSuitesLocally(TestNG.java:1109)
at org.testng.TestNG.runSuites(TestNG.java:1039)
at org.testng.TestNG.run(TestNG.java:1007)
at org.testng.remote.AbstractRemoteTestNG.run(AbstractRemoteTestNG.java:115)
at org.testng.remote.RemoteTestNG.initAndRun(RemoteTestNG.java:251)
at org.testng.remote.RemoteTestNG.main(RemoteTestNG.java:77)
]]>
            </full-stacktrace>
          </exception> <!-- org.openqa.selenium.UnsupportedCommandException -->
          <reporter-output>
          </reporter-output>
        </test-method> <!-- teardown -->
      </class> <!-- tests.TestSample -->
    </test> <!-- Default test -->
  </suite> <!-- Default suite -->
</testng-results>
